{
  "RSpec": {
    "coverage": {
      "/Users/andrej/RubyProjects/api.relaton.org/app.rb": {
        "lines": [
          1,
          null,
          1,
          1,
          1,
          1,
          4,
          3,
          1,
          null,
          null,
          2,
          1,
          null,
          null,
          null,
          1,
          null,
          null,
          null,
          null,
          null,
          null,
          null,
          null,
          null,
          null,
          null,
          null,
          null,
          null,
          null,
          null,
          1,
          2,
          2,
          null,
          null,
          1,
          null,
          null,
          null,
          null,
          null,
          1,
          2,
          2,
          3,
          null,
          null,
          2,
          null,
          null,
          null,
          null,
          null,
          1,
          null,
          1,
          null,
          null,
          null,
          null,
          null,
          1,
          2,
          null,
          null,
          null,
          null
        ]
      },
      "/Users/andrej/RubyProjects/api.relaton.org/finder.rb": {
        "lines": [
          1,
          1,
          null,
          1,
          1,
          null,
          1,
          1,
          1,
          null,
          1,
          1,
          1,
          1,
          null,
          null,
          1,
          null,
          null,
          1,
          2,
          null,
          null,
          null
        ]
      }
    },
    "timestamp": 1625139121
  }
}
